2023-10-07 23:40:19.455 +08:00 [INF] Flyable后端服务启动中...
2023-10-07 23:40:19.464 +08:00 [INF]     _____ _             _     _                               _           _
2023-10-07 23:40:19.464 +08:00 [INF]     |  ___| |_   _  __ _| |__ | | ___          ___ _   _ _ __ | |__   __ _| |_
2023-10-07 23:40:19.464 +08:00 [INF]     | |_  | | | | |/ _` | '_ \| |/ _ \        / __| | | | '_ \| '_ \ / _` | __|
2023-10-07 23:40:19.464 +08:00 [INF]     |  _| | | |_| | (_| | |_) | |  __/        \__ \ |_| | | | | | | | (_| | |_
2023-10-07 23:40:19.464 +08:00 [INF]     |_|   |_|\__, |\__,_|_.__/|_|\___|        |___/\__,_|_| |_|_| |_|\__,_|\__|
2023-10-07 23:40:19.464 +08:00 [INF]           |___/
2023-10-07 23:40:19.469 +08:00 [INF]                       _ooOoo_
2023-10-07 23:40:19.469 +08:00 [INF]                      o8888888o
2023-10-07 23:40:19.469 +08:00 [INF]                      88" . "88
2023-10-07 23:40:19.469 +08:00 [INF]                      (| ^_^ |)
2023-10-07 23:40:19.470 +08:00 [INF]                      O\  =  /O
2023-10-07 23:40:19.470 +08:00 [INF]                   ____/`---'\____
2023-10-07 23:40:19.471 +08:00 [INF]                 .'  \\|     |//  `.
2023-10-07 23:40:19.471 +08:00 [INF]                /  \\|||  :  |||//  \
2023-10-07 23:40:19.471 +08:00 [INF]               /  _||||| -:- |||||-  \
2023-10-07 23:40:19.471 +08:00 [INF]               |   | \\\  -  /// |   |
2023-10-07 23:40:19.471 +08:00 [INF]               | \_|  ''\---/''  |   |
2023-10-07 23:40:19.473 +08:00 [INF]               \  .-\__  `-`  ___/-. /
2023-10-07 23:40:19.473 +08:00 [INF]             ___`. .'  /--.--\  `. . ___
2023-10-07 23:40:19.473 +08:00 [INF]           ."" '<  `.___\_<|>_/___.'  >'"".
2023-10-07 23:40:19.473 +08:00 [INF]         | | :  `- \`.;`\ _ /`;.`/ - ` : | |
2023-10-07 23:40:19.473 +08:00 [INF]         \  \ `-.   \_ __\ /__ _/   .-` /  /
2023-10-07 23:40:19.473 +08:00 [INF]   ========`-.____`-.___\_____/___.-`____.-'========
2023-10-07 23:40:19.474 +08:00 [INF]                        `=---='
2023-10-07 23:40:19.474 +08:00 [INF]   ^^^^^^^^^^^^^^^^^^^^^^^^^^^^^^^^^^^^^^^^^^^^^^^^^^
2023-10-07 23:40:19.474 +08:00 [INF]      佛祖保佑       永无BUG     永不修改
2023-10-07 23:43:32.599 +08:00 [INF] Flyable后端服务启动中...
2023-10-07 23:43:32.608 +08:00 [INF]     _____ _             _     _                               _           _
2023-10-07 23:43:32.609 +08:00 [INF]     |  ___| |_   _  __ _| |__ | | ___          ___ _   _ _ __ | |__   __ _| |_
2023-10-07 23:43:32.609 +08:00 [INF]     | |_  | | | | |/ _` | '_ \| |/ _ \        / __| | | | '_ \| '_ \ / _` | __|
2023-10-07 23:43:32.609 +08:00 [INF]     |  _| | | |_| | (_| | |_) | |  __/        \__ \ |_| | | | | | | | (_| | |_
2023-10-07 23:43:32.609 +08:00 [INF]     |_|   |_|\__, |\__,_|_.__/|_|\___|        |___/\__,_|_| |_|_| |_|\__,_|\__|
2023-10-07 23:43:32.609 +08:00 [INF]           |___/
2023-10-07 23:43:32.609 +08:00 [INF]                       _ooOoo_
2023-10-07 23:43:32.609 +08:00 [INF]                      o8888888o
2023-10-07 23:43:32.609 +08:00 [INF]                      88" . "88
2023-10-07 23:43:32.609 +08:00 [INF]                      (| ^_^ |)
2023-10-07 23:43:32.609 +08:00 [INF]                      O\  =  /O
2023-10-07 23:43:32.609 +08:00 [INF]                   ____/`---'\____
2023-10-07 23:43:32.610 +08:00 [INF]                 .'  \\|     |//  `.
2023-10-07 23:43:32.610 +08:00 [INF]                /  \\|||  :  |||//  \
2023-10-07 23:43:32.610 +08:00 [INF]               /  _||||| -:- |||||-  \
2023-10-07 23:43:32.610 +08:00 [INF]               |   | \\\  -  /// |   |
2023-10-07 23:43:32.610 +08:00 [INF]               | \_|  ''\---/''  |   |
2023-10-07 23:43:32.610 +08:00 [INF]               \  .-\__  `-`  ___/-. /
2023-10-07 23:43:32.610 +08:00 [INF]             ___`. .'  /--.--\  `. . ___
2023-10-07 23:43:32.610 +08:00 [INF]           ."" '<  `.___\_<|>_/___.'  >'"".
2023-10-07 23:43:32.610 +08:00 [INF]         | | :  `- \`.;`\ _ /`;.`/ - ` : | |
2023-10-07 23:43:32.611 +08:00 [INF]         \  \ `-.   \_ __\ /__ _/   .-` /  /
2023-10-07 23:43:32.611 +08:00 [INF]   ========`-.____`-.___\_____/___.-`____.-'========
2023-10-07 23:43:32.611 +08:00 [INF]                        `=---='
2023-10-07 23:43:32.611 +08:00 [INF]   ^^^^^^^^^^^^^^^^^^^^^^^^^^^^^^^^^^^^^^^^^^^^^^^^^^
2023-10-07 23:43:32.611 +08:00 [INF]      佛祖保佑       永无BUG     永不修改
2023-10-07 23:46:23.580 +08:00 [INF] Flyable后端服务启动中...
2023-10-07 23:46:23.590 +08:00 [INF]     _____ _             _     _                               _           _
2023-10-07 23:46:23.590 +08:00 [INF]     |  ___| |_   _  __ _| |__ | | ___          ___ _   _ _ __ | |__   __ _| |_
2023-10-07 23:46:23.590 +08:00 [INF]     | |_  | | | | |/ _` | '_ \| |/ _ \        / __| | | | '_ \| '_ \ / _` | __|
2023-10-07 23:46:23.590 +08:00 [INF]     |  _| | | |_| | (_| | |_) | |  __/        \__ \ |_| | | | | | | | (_| | |_
2023-10-07 23:46:23.590 +08:00 [INF]     |_|   |_|\__, |\__,_|_.__/|_|\___|        |___/\__,_|_| |_|_| |_|\__,_|\__|
2023-10-07 23:46:23.590 +08:00 [INF]           |___/
2023-10-07 23:46:23.590 +08:00 [INF]                       _ooOoo_
2023-10-07 23:46:23.590 +08:00 [INF]                      o8888888o
2023-10-07 23:46:23.590 +08:00 [INF]                      88" . "88
2023-10-07 23:46:23.590 +08:00 [INF]                      (| ^_^ |)
2023-10-07 23:46:23.590 +08:00 [INF]                      O\  =  /O
2023-10-07 23:46:23.590 +08:00 [INF]                   ____/`---'\____
2023-10-07 23:46:23.590 +08:00 [INF]                 .'  \\|     |//  `.
2023-10-07 23:46:23.591 +08:00 [INF]                /  \\|||  :  |||//  \
2023-10-07 23:46:23.591 +08:00 [INF]               /  _||||| -:- |||||-  \
2023-10-07 23:46:23.591 +08:00 [INF]               |   | \\\  -  /// |   |
2023-10-07 23:46:23.591 +08:00 [INF]               | \_|  ''\---/''  |   |
2023-10-07 23:46:23.591 +08:00 [INF]               \  .-\__  `-`  ___/-. /
2023-10-07 23:46:23.591 +08:00 [INF]             ___`. .'  /--.--\  `. . ___
2023-10-07 23:46:23.591 +08:00 [INF]           ."" '<  `.___\_<|>_/___.'  >'"".
2023-10-07 23:46:23.591 +08:00 [INF]         | | :  `- \`.;`\ _ /`;.`/ - ` : | |
2023-10-07 23:46:23.591 +08:00 [INF]         \  \ `-.   \_ __\ /__ _/   .-` /  /
2023-10-07 23:46:23.591 +08:00 [INF]   ========`-.____`-.___\_____/___.-`____.-'========
2023-10-07 23:46:23.591 +08:00 [INF]                        `=---='
2023-10-07 23:46:23.591 +08:00 [INF]   ^^^^^^^^^^^^^^^^^^^^^^^^^^^^^^^^^^^^^^^^^^^^^^^^^^
2023-10-07 23:46:23.591 +08:00 [INF]      佛祖保佑       永无BUG     永不修改
2023-10-07 23:47:15.076 +08:00 [INF] Flyable后端服务启动中...
2023-10-07 23:47:15.086 +08:00 [INF]     _____ _             _     _                               _           _
2023-10-07 23:47:15.086 +08:00 [INF]     |  ___| |_   _  __ _| |__ | | ___          ___ _   _ _ __ | |__   __ _| |_
2023-10-07 23:47:15.086 +08:00 [INF]     | |_  | | | | |/ _` | '_ \| |/ _ \        / __| | | | '_ \| '_ \ / _` | __|
2023-10-07 23:47:15.086 +08:00 [INF]     |  _| | | |_| | (_| | |_) | |  __/        \__ \ |_| | | | | | | | (_| | |_
2023-10-07 23:47:15.086 +08:00 [INF]     |_|   |_|\__, |\__,_|_.__/|_|\___|        |___/\__,_|_| |_|_| |_|\__,_|\__|
2023-10-07 23:47:15.086 +08:00 [INF]           |___/
2023-10-07 23:47:15.086 +08:00 [INF]                       _ooOoo_
2023-10-07 23:47:15.086 +08:00 [INF]                      o8888888o
2023-10-07 23:47:15.086 +08:00 [INF]                      88" . "88
2023-10-07 23:47:15.086 +08:00 [INF]                      (| ^_^ |)
2023-10-07 23:47:15.086 +08:00 [INF]                      O\  =  /O
2023-10-07 23:47:15.086 +08:00 [INF]                   ____/`---'\____
2023-10-07 23:47:15.086 +08:00 [INF]                 .'  \\|     |//  `.
2023-10-07 23:47:15.087 +08:00 [INF]                /  \\|||  :  |||//  \
2023-10-07 23:47:15.087 +08:00 [INF]               /  _||||| -:- |||||-  \
2023-10-07 23:47:15.087 +08:00 [INF]               |   | \\\  -  /// |   |
2023-10-07 23:47:15.087 +08:00 [INF]               | \_|  ''\---/''  |   |
2023-10-07 23:47:15.087 +08:00 [INF]               \  .-\__  `-`  ___/-. /
2023-10-07 23:47:15.087 +08:00 [INF]             ___`. .'  /--.--\  `. . ___
2023-10-07 23:47:15.087 +08:00 [INF]           ."" '<  `.___\_<|>_/___.'  >'"".
2023-10-07 23:47:15.087 +08:00 [INF]         | | :  `- \`.;`\ _ /`;.`/ - ` : | |
2023-10-07 23:47:15.087 +08:00 [INF]         \  \ `-.   \_ __\ /__ _/   .-` /  /
2023-10-07 23:47:15.087 +08:00 [INF]   ========`-.____`-.___\_____/___.-`____.-'========
2023-10-07 23:47:15.087 +08:00 [INF]                        `=---='
2023-10-07 23:47:15.087 +08:00 [INF]   ^^^^^^^^^^^^^^^^^^^^^^^^^^^^^^^^^^^^^^^^^^^^^^^^^^
2023-10-07 23:47:15.087 +08:00 [INF]      佛祖保佑       永无BUG     永不修改
