2023-10-13 02:26:11.975 +08:00 [INF] Flyable后端服务启动中...
2023-10-13 02:26:11.982 +08:00 [INF]     _____ _             _     _                               _           _
2023-10-13 02:26:11.982 +08:00 [INF]     |  ___| |_   _  __ _| |__ | | ___          ___ _   _ _ __ | |__   __ _| |_
2023-10-13 02:26:11.982 +08:00 [INF]     | |_  | | | | |/ _` | '_ \| |/ _ \        / __| | | | '_ \| '_ \ / _` | __|
2023-10-13 02:26:11.982 +08:00 [INF]     |  _| | | |_| | (_| | |_) | |  __/        \__ \ |_| | | | | | | | (_| | |_
2023-10-13 02:26:11.982 +08:00 [INF]     |_|   |_|\__, |\__,_|_.__/|_|\___|        |___/\__,_|_| |_|_| |_|\__,_|\__|
2023-10-13 02:26:11.982 +08:00 [INF]           |___/
2023-10-13 02:26:11.983 +08:00 [INF]                       _ooOoo_
2023-10-13 02:26:11.983 +08:00 [INF]                      o8888888o
2023-10-13 02:26:11.983 +08:00 [INF]                      88" . "88
2023-10-13 02:26:11.983 +08:00 [INF]                      (| ^_^ |)
2023-10-13 02:26:11.983 +08:00 [INF]                      O\  =  /O
2023-10-13 02:26:11.983 +08:00 [INF]                   ____/`---'\____
2023-10-13 02:26:11.983 +08:00 [INF]                 .'  \\|     |//  `.
2023-10-13 02:26:11.983 +08:00 [INF]                /  \\|||  :  |||//  \
2023-10-13 02:26:11.983 +08:00 [INF]               /  _||||| -:- |||||-  \
2023-10-13 02:26:11.983 +08:00 [INF]               |   | \\\  -  /// |   |
2023-10-13 02:26:11.983 +08:00 [INF]               | \_|  ''\---/''  |   |
2023-10-13 02:26:11.983 +08:00 [INF]               \  .-\__  `-`  ___/-. /
2023-10-13 02:26:11.983 +08:00 [INF]             ___`. .'  /--.--\  `. . ___
2023-10-13 02:26:11.983 +08:00 [INF]           ."" '<  `.___\_<|>_/___.'  >'"".
2023-10-13 02:26:11.983 +08:00 [INF]         | | :  `- \`.;`\ _ /`;.`/ - ` : | |
2023-10-13 02:26:11.983 +08:00 [INF]         \  \ `-.   \_ __\ /__ _/   .-` /  /
2023-10-13 02:26:11.983 +08:00 [INF]   ========`-.____`-.___\_____/___.-`____.-'========
2023-10-13 02:26:11.983 +08:00 [INF]                        `=---='
2023-10-13 02:26:11.983 +08:00 [INF]   ^^^^^^^^^^^^^^^^^^^^^^^^^^^^^^^^^^^^^^^^^^^^^^^^^^
2023-10-13 02:26:11.983 +08:00 [INF]      佛祖保佑       永无BUG     永不修改
2023-10-13 02:26:12.024 +08:00 [INF] 当前环境为开发环境
2023-10-13 02:26:12.172 +08:00 [INF] Now listening on: http://localhost:5181
2023-10-13 02:26:12.175 +08:00 [INF] Application started. Press Ctrl+C to shut down.
2023-10-13 02:26:12.176 +08:00 [INF] Hosting environment: Development
2023-10-13 02:26:12.176 +08:00 [INF] Content root path: /Users/sunhao/RiderProjects/Flyable/Flyable
2023-10-13 02:26:13.161 +08:00 [INF] Request starting HTTP/1.1 GET http://localhost:5181/swagger/index.html - -
2023-10-13 02:26:13.278 +08:00 [INF] Request finished HTTP/1.1 GET http://localhost:5181/swagger/index.html - - - 200 - text/html;charset=utf-8 119.0077ms
2023-10-13 02:26:13.435 +08:00 [INF] Request starting HTTP/1.1 GET http://localhost:5181/swagger/v1/swagger.json - -
2023-10-13 02:26:13.701 +08:00 [INF] Request finished HTTP/1.1 GET http://localhost:5181/swagger/v1/swagger.json - - - 200 - application/json;charset=utf-8 265.8093ms
2023-10-14 00:29:50.643 +08:00 [INF] Application is shutting down...
